2026-06-16 11:01:05,327 [INFO] CLI:19: 开始扫描市场...
2026-06-16 11:01:05,331 [INFO] StockPredictor:193: 开始扫描市场...
2026-06-16 11:01:05,396 [INFO] StockPredictor:202: 获取到 53 只股票数据
2026-06-16 11:01:05,396 [INFO] StockPredictor:213: 分析完成，返回 53 只股票
2026-06-16 11:01:16,227 [INFO] EmailBot:88: 邮件发送成功: 📈 系统测试 - 2026-06-16
2026-06-16 12:56:21,543 [INFO] StockPredictor:73: 从文件加载 5206 只股票
2026-06-16 12:56:21,553 [INFO] CLI:34: 开始按板块扫描...
2026-06-16 12:56:21,553 [INFO] StockPredictor:747: 开始扫描所有板块...
2026-06-16 12:56:21,553 [INFO] StockPredictor:718: 扫描板块: 金融 (235只)
2026-06-16 12:57:02,061 [INFO] StockPredictor:718: 扫描板块: 消费 (7只)
2026-06-16 12:57:03,337 [INFO] StockPredictor:718: 扫描板块: 科技 (2475只)
2026-06-16 12:59:06,354 [INFO] StockPredictor:73: 从文件加载 5206 只股票
2026-06-16 12:59:06,363 [INFO] CLI:34: 开始按板块扫描...
2026-06-16 12:59:06,363 [INFO] StockPredictor:754: 开始扫描所有板块...
2026-06-16 12:59:06,363 [INFO] StockPredictor:725: 扫描板块: 金融 (100只)
2026-06-16 12:59:24,855 [INFO] StockPredictor:725: 扫描板块: 消费 (7只)
2026-06-16 12:59:26,183 [INFO] StockPredictor:725: 扫描板块: 科技 (100只)
2026-06-16 12:59:45,001 [INFO] StockPredictor:725: 扫描板块: 新能源 (1只)
2026-06-16 12:59:45,233 [INFO] StockPredictor:725: 扫描板块: 医药 (3只)
2026-06-16 12:59:45,832 [INFO] StockPredictor:725: 扫描板块: 军工 (3只)
2026-06-16 12:59:46,448 [INFO] StockPredictor:725: 扫描板块: 周期 (2只)
2026-06-16 12:59:46,886 [INFO] StockPredictor:725: 扫描板块: 其他 (100只)
2026-06-16 13:00:06,996 [INFO] StrategyEvaluator:113: 记录预测结果: 316 只股票
2026-06-16 13:00:06,996 [INFO] StockPredictor:777: 扫描完成: 8 个板块, 316 只股票
